{"/Users/usuariocoder04/Desktop/projectsP/consult/src/app.ts": {"path":"/Users/usuariocoder04/Desktop/projectsP/consult/src/app.ts","statementMap":{"0":{"start":{"line":1,"column":0},"end":{"line":1,"column":26}},"1":{"start":{"line":2,"column":0},"end":{"line":2,"column":53}},"2":{"start":{"line":3,"column":0},"end":{"line":3,"column":72}},"3":{"start":{"line":4,"column":0},"end":{"line":4,"column":24}},"4":{"start":{"line":5,"column":0},"end":{"line":5,"column":39}},"5":{"start":{"line":7,"column":12},"end":{"line":7,"column":21}},"6":{"start":{"line":8,"column":0},"end":{"line":8,"column":24}},"7":{"start":{"line":9,"column":0},"end":{"line":9,"column":16}},"8":{"start":{"line":10,"column":0},"end":{"line":10,"column":22}},"9":{"start":{"line":12,"column":0},"end":{"line":12,"column":16}},"10":{"start":{"line":14,"column":13},"end":{"line":14,"column":25}},"11":{"start":{"line":16,"column":0},"end":{"line":18,"column":3}},"12":{"start":{"line":17,"column":2},"end":{"line":17,"column":46}},"13":{"start":{"line":20,"column":0},"end":{"line":20,"column":19}}},"fnMap":{"0":{"name":"(anonymous_1)","decl":{"start":{"line":16,"column":19},"end":{"line":16,"column":20}},"loc":{"start":{"line":16,"column":51},"end":{"line":18,"column":1}}}},"branchMap":{},"s":{"0":2,"1":2,"2":2,"3":2,"4":2,"5":2,"6":2,"7":2,"8":2,"9":2,"10":2,"11":2,"12":1,"13":2},"f":{"0":1},"b":{}}
,"/Users/usuariocoder04/Desktop/projectsP/consult/src/config/constants/repository.constants.ts": {"path":"/Users/usuariocoder04/Desktop/projectsP/consult/src/config/constants/repository.constants.ts","statementMap":{"0":{"start":{"line":1,"column":13},"end":{"line":3,"column":2}}},"fnMap":{},"branchMap":{},"s":{"0":2},"f":{},"b":{}}
,"/Users/usuariocoder04/Desktop/projectsP/consult/src/config/db/mongo.ts": {"path":"/Users/usuariocoder04/Desktop/projectsP/consult/src/config/db/mongo.ts","statementMap":{"0":{"start":{"line":1,"column":0},"end":{"line":1,"column":35}},"1":{"start":{"line":2,"column":0},"end":{"line":2,"column":28}},"2":{"start":{"line":4,"column":0},"end":{"line":4,"column":16}},"3":{"start":{"line":6,"column":15},"end":{"line":6,"column":38}},"4":{"start":{"line":8,"column":15},"end":{"line":11,"column":2}},"5":{"start":{"line":8,"column":26},"end":{"line":11,"column":2}},"6":{"start":{"line":9,"column":2},"end":{"line":9,"column":24}},"7":{"start":{"line":10,"column":2},"end":{"line":10,"column":38}},"8":{"start":{"line":13,"column":0},"end":{"line":13,"column":22}}},"fnMap":{"0":{"name":"(anonymous_8)","decl":{"start":{"line":8,"column":15},"end":{"line":8,"column":24}},"loc":{"start":{"line":8,"column":26},"end":{"line":11,"column":2}}},"1":{"name":"(anonymous_9)","decl":{"start":{"line":8,"column":26},"end":{"line":8,"column":null}},"loc":{"start":{"line":8,"column":26},"end":{"line":11,"column":1}}}},"branchMap":{},"s":{"0":2,"1":2,"2":2,"3":2,"4":2,"5":2,"6":2,"7":1,"8":2},"f":{"0":2,"1":2},"b":{}}
,"/Users/usuariocoder04/Desktop/projectsP/consult/src/dependencies/init.ts": {"path":"/Users/usuariocoder04/Desktop/projectsP/consult/src/dependencies/init.ts","statementMap":{"0":{"start":{"line":1,"column":0},"end":{"line":1,"column":104}},"1":{"start":{"line":2,"column":0},"end":{"line":2,"column":47}},"2":{"start":{"line":6,"column":36},"end":{"line":7,"column":null}},"3":{"start":{"line":10,"column":4},"end":{"line":10,"column":39}},"4":{"start":{"line":4,"column":0},"end":{"line":4,"column":13}}},"fnMap":{"0":{"name":"(anonymous_0)","decl":{"start":{"line":5,"column":9},"end":{"line":5,"column":13}},"loc":{"start":{"line":5,"column":13},"end":{"line":11,"column":3}}}},"branchMap":{},"s":{"0":2,"1":2,"2":2,"3":2,"4":2},"f":{"0":2},"b":{}}
,"/Users/usuariocoder04/Desktop/projectsP/consult/src/dependencies/inversify.config.ts": {"path":"/Users/usuariocoder04/Desktop/projectsP/consult/src/dependencies/inversify.config.ts","statementMap":{"0":{"start":{"line":1,"column":0},"end":{"line":1,"column":38}},"1":{"start":{"line":3,"column":0},"end":{"line":3,"column":94}},"2":{"start":{"line":4,"column":0},"end":{"line":4,"column":86}},"3":{"start":{"line":5,"column":0},"end":{"line":5,"column":104}},"4":{"start":{"line":6,"column":0},"end":{"line":6,"column":72}},"5":{"start":{"line":8,"column":18},"end":{"line":8,"column":33}},"6":{"start":{"line":18,"column":9},"end":{"line":18,"column":18}},"7":{"start":{"line":10,"column":0},"end":{"line":10,"column":77}},"8":{"start":{"line":13,"column":0},"end":{"line":13,"column":70}},"9":{"start":{"line":14,"column":0},"end":{"line":14,"column":74}}},"fnMap":{},"branchMap":{},"s":{"0":2,"1":2,"2":2,"3":2,"4":2,"5":2,"6":2,"7":2,"8":2,"9":2},"f":{},"b":{}}
,"/Users/usuariocoder04/Desktop/projectsP/consult/src/profile/application/crateProfile.userCases.ts": {"path":"/Users/usuariocoder04/Desktop/projectsP/consult/src/profile/application/crateProfile.userCases.ts","statementMap":{"0":{"start":{"line":1,"column":0},"end":{"line":1,"column":47}},"1":{"start":{"line":5,"column":0},"end":{"line":5,"column":55}},"2":{"start":{"line":6,"column":0},"end":{"line":6,"column":75}},"3":{"start":{"line":9,"column":7},"end":{"line":24,"column":null}},"4":{"start":{"line":12,"column":21},"end":{"line":12,"column":58}},"5":{"start":{"line":16,"column":4},"end":{"line":22,"column":5}},"6":{"start":{"line":17,"column":22},"end":{"line":17,"column":45}},"7":{"start":{"line":18,"column":21},"end":{"line":18,"column":65}},"8":{"start":{"line":19,"column":6},"end":{"line":19,"column":20}},"9":{"start":{"line":21,"column":6},"end":{"line":21,"column":16}},"10":{"start":{"line":9,"column":13},"end":{"line":9,"column":34}},"11":{"start":{"line":9,"column":13},"end":{"line":24,"column":null}}},"fnMap":{"0":{"name":"(anonymous_11)","decl":{"start":{"line":10,"column":2},"end":{"line":10,"column":null}},"loc":{"start":{"line":12,"column":58},"end":{"line":13,"column":6}}},"1":{"name":"(anonymous_12)","decl":{"start":{"line":15,"column":15},"end":{"line":15,"column":22}},"loc":{"start":{"line":15,"column":46},"end":{"line":23,"column":null}}}},"branchMap":{},"s":{"0":2,"1":2,"2":2,"3":2,"4":2,"5":1,"6":1,"7":1,"8":1,"9":0,"10":2,"11":2},"f":{"0":2,"1":1},"b":{}}
,"/Users/usuariocoder04/Desktop/projectsP/consult/src/profile/domain/profile.value.ts": {"path":"/Users/usuariocoder04/Desktop/projectsP/consult/src/profile/domain/profile.value.ts","statementMap":{"0":{"start":{"line":16,"column":4},"end":{"line":23,"column":31}},"1":{"start":{"line":27,"column":4},"end":{"line":27,"column":32}},"2":{"start":{"line":31,"column":4},"end":{"line":31,"column":21}},"3":{"start":{"line":32,"column":4},"end":{"line":32,"column":18}},"4":{"start":{"line":35,"column":4},"end":{"line":35,"column":30}},"5":{"start":{"line":36,"column":4},"end":{"line":36,"column":18}},"6":{"start":{"line":39,"column":4},"end":{"line":39,"column":34}},"7":{"start":{"line":40,"column":4},"end":{"line":40,"column":18}},"8":{"start":{"line":43,"column":4},"end":{"line":43,"column":33}},"9":{"start":{"line":44,"column":4},"end":{"line":44,"column":18}},"10":{"start":{"line":48,"column":4},"end":{"line":48,"column":41}},"11":{"start":{"line":49,"column":4},"end":{"line":49,"column":18}},"12":{"start":{"line":5,"column":0},"end":{"line":5,"column":13}}},"fnMap":{"0":{"name":"(anonymous_0)","decl":{"start":{"line":15,"column":2},"end":{"line":15,"column":14}},"loc":{"start":{"line":15,"column":37},"end":{"line":24,"column":3}}},"1":{"name":"(anonymous_1)","decl":{"start":{"line":26,"column":10},"end":{"line":26,"column":16}},"loc":{"start":{"line":26,"column":16},"end":{"line":28,"column":3}}},"2":{"name":"(anonymous_2)","decl":{"start":{"line":30,"column":9},"end":{"line":30,"column":16}},"loc":{"start":{"line":30,"column":29},"end":{"line":33,"column":3}}},"3":{"name":"(anonymous_3)","decl":{"start":{"line":34,"column":9},"end":{"line":34,"column":20}},"loc":{"start":{"line":34,"column":37},"end":{"line":37,"column":3}}},"4":{"name":"(anonymous_4)","decl":{"start":{"line":38,"column":9},"end":{"line":38,"column":22}},"loc":{"start":{"line":38,"column":41},"end":{"line":41,"column":3}}},"5":{"name":"(anonymous_5)","decl":{"start":{"line":42,"column":9},"end":{"line":42,"column":22}},"loc":{"start":{"line":42,"column":41},"end":{"line":45,"column":3}}},"6":{"name":"(anonymous_6)","decl":{"start":{"line":47,"column":9},"end":{"line":47,"column":25}},"loc":{"start":{"line":47,"column":45},"end":{"line":50,"column":3}}}},"branchMap":{},"s":{"0":9,"1":5,"2":1,"3":1,"4":1,"5":1,"6":1,"7":1,"8":1,"9":1,"10":1,"11":1,"12":4},"f":{"0":9,"1":5,"2":1,"3":1,"4":1,"5":1,"6":1},"b":{}}
,"/Users/usuariocoder04/Desktop/projectsP/consult/src/profile/infrastructure/controller/createProfile.controller.ts": {"path":"/Users/usuariocoder04/Desktop/projectsP/consult/src/profile/infrastructure/controller/createProfile.controller.ts","statementMap":{"0":{"start":{"line":3,"column":0},"end":{"line":3,"column":47}},"1":{"start":{"line":4,"column":0},"end":{"line":4,"column":81}},"2":{"start":{"line":5,"column":0},"end":{"line":5,"column":52}},"3":{"start":{"line":6,"column":0},"end":{"line":6,"column":43}},"4":{"start":{"line":7,"column":0},"end":{"line":7,"column":62}},"5":{"start":{"line":10,"column":7},"end":{"line":29,"column":null}},"6":{"start":{"line":13,"column":12},"end":{"line":13,"column":35}},"7":{"start":{"line":16,"column":9},"end":{"line":28,"column":4}},"8":{"start":{"line":16,"column":63},"end":{"line":28,"column":4}},"9":{"start":{"line":17,"column":36},"end":{"line":19,"column":null}},"10":{"start":{"line":22,"column":19},"end":{"line":22,"column":39}},"11":{"start":{"line":23,"column":4},"end":{"line":25,"column":5}},"12":{"start":{"line":24,"column":6},"end":{"line":24,"column":54}},"13":{"start":{"line":26,"column":20},"end":{"line":26,"column":66}},"14":{"start":{"line":27,"column":4},"end":{"line":27,"column":26}},"15":{"start":{"line":10,"column":13},"end":{"line":10,"column":36}},"16":{"start":{"line":10,"column":13},"end":{"line":29,"column":null}}},"fnMap":{"0":{"name":"(anonymous_11)","decl":{"start":{"line":11,"column":2},"end":{"line":11,"column":null}},"loc":{"start":{"line":13,"column":56},"end":{"line":14,"column":6}}},"1":{"name":"(anonymous_12)","decl":{"start":{"line":16,"column":25},"end":{"line":16,"column":32}},"loc":{"start":{"line":16,"column":63},"end":{"line":28,"column":4}}},"2":{"name":"(anonymous_13)","decl":{"start":{"line":16,"column":63},"end":{"line":16,"column":null}},"loc":{"start":{"line":16,"column":63},"end":{"line":28,"column":3}}}},"branchMap":{"0":{"loc":{"start":{"line":23,"column":4},"end":{"line":25,"column":5}},"type":"if","locations":[{"start":{"line":23,"column":4},"end":{"line":25,"column":5}}]}},"s":{"0":2,"1":2,"2":2,"3":2,"4":2,"5":2,"6":2,"7":2,"8":3,"9":3,"10":3,"11":3,"12":2,"13":1,"14":1,"15":2,"16":2},"f":{"0":2,"1":3,"2":3},"b":{"0":[2]}}
,"/Users/usuariocoder04/Desktop/projectsP/consult/src/profile/infrastructure/dto/createProfile.body.ts": {"path":"/Users/usuariocoder04/Desktop/projectsP/consult/src/profile/infrastructure/dto/createProfile.body.ts","statementMap":{"0":{"start":{"line":1,"column":0},"end":{"line":1,"column":null}},"1":{"start":{"line":9,"column":0},"end":{"line":9,"column":13}},"2":{"start":{"line":12,"column":2},"end":{"line":12,"column":null}},"3":{"start":{"line":16,"column":2},"end":{"line":16,"column":null}},"4":{"start":{"line":20,"column":2},"end":{"line":20,"column":null}},"5":{"start":{"line":24,"column":2},"end":{"line":24,"column":null}},"6":{"start":{"line":28,"column":2},"end":{"line":28,"column":null}},"7":{"start":{"line":32,"column":2},"end":{"line":32,"column":null}},"8":{"start":{"line":35,"column":2},"end":{"line":35,"column":null}}},"fnMap":{},"branchMap":{},"s":{"0":2,"1":2,"2":2,"3":2,"4":2,"5":2,"6":2,"7":2,"8":2},"f":{},"b":{}}
,"/Users/usuariocoder04/Desktop/projectsP/consult/src/profile/infrastructure/repository/mongo/mongo.repository.ts": {"path":"/Users/usuariocoder04/Desktop/projectsP/consult/src/profile/infrastructure/repository/mongo/mongo.repository.ts","statementMap":{"0":{"start":{"line":1,"column":0},"end":{"line":1,"column":39}},"1":{"start":{"line":4,"column":0},"end":{"line":4,"column":61}},"2":{"start":{"line":5,"column":0},"end":{"line":5,"column":71}},"3":{"start":{"line":8,"column":7},"end":{"line":39,"column":null}},"4":{"start":{"line":10,"column":4},"end":{"line":15,"column":5}},"5":{"start":{"line":11,"column":28},"end":{"line":11,"column":62}},"6":{"start":{"line":12,"column":6},"end":{"line":12,"column":42}},"7":{"start":{"line":14,"column":6},"end":{"line":14,"column":52}},"8":{"start":{"line":19,"column":4},"end":{"line":25,"column":5}},"9":{"start":{"line":20,"column":22},"end":{"line":20,"column":53}},"10":{"start":{"line":21,"column":6},"end":{"line":21,"column":32}},"11":{"start":{"line":21,"column":20},"end":{"line":21,"column":32}},"12":{"start":{"line":22,"column":6},"end":{"line":22,"column":36}},"13":{"start":{"line":24,"column":6},"end":{"line":24,"column":43}},"14":{"start":{"line":29,"column":4},"end":{"line":37,"column":7}},"15":{"start":{"line":8,"column":13},"end":{"line":8,"column":28}},"16":{"start":{"line":8,"column":13},"end":{"line":39,"column":null}}},"fnMap":{"0":{"name":"(anonymous_9)","decl":{"start":{"line":9,"column":8},"end":{"line":9,"column":14}},"loc":{"start":{"line":9,"column":36},"end":{"line":16,"column":null}}},"1":{"name":"(anonymous_11)","decl":{"start":{"line":18,"column":8},"end":{"line":18,"column":15}},"loc":{"start":{"line":18,"column":26},"end":{"line":26,"column":null}}},"2":{"name":"(anonymous_13)","decl":{"start":{"line":28,"column":10},"end":{"line":28,"column":18}},"loc":{"start":{"line":28,"column":48},"end":{"line":38,"column":3}}}},"branchMap":{"0":{"loc":{"start":{"line":21,"column":6},"end":{"line":21,"column":32}},"type":"if","locations":[{"start":{"line":21,"column":6},"end":{"line":21,"column":32}}]}},"s":{"0":3,"1":3,"2":3,"3":3,"4":3,"5":3,"6":1,"7":1,"8":3,"9":3,"10":0,"11":0,"12":0,"13":3,"14":1,"15":3,"16":3},"f":{"0":3,"1":3,"2":1},"b":{"0":[0]}}
,"/Users/usuariocoder04/Desktop/projectsP/consult/src/profile/infrastructure/repository/mongo/model/profile.schema.ts": {"path":"/Users/usuariocoder04/Desktop/projectsP/consult/src/profile/infrastructure/repository/mongo/model/profile.schema.ts","statementMap":{"0":{"start":{"line":1,"column":0},"end":{"line":1,"column":58}},"1":{"start":{"line":3,"column":22},"end":{"line":18,"column":null}},"2":{"start":{"line":30,"column":21},"end":{"line":30,"column":69}},"3":{"start":{"line":32,"column":0},"end":{"line":32,"column":28}}},"fnMap":{},"branchMap":{},"s":{"0":3,"1":3,"2":3,"3":3},"f":{},"b":{}}
,"/Users/usuariocoder04/Desktop/projectsP/consult/src/profile/infrastructure/route/profile.route.ts": {"path":"/Users/usuariocoder04/Desktop/projectsP/consult/src/profile/infrastructure/route/profile.route.ts","statementMap":{"0":{"start":{"line":1,"column":0},"end":{"line":1,"column":33}},"1":{"start":{"line":2,"column":0},"end":{"line":2,"column":63}},"2":{"start":{"line":4,"column":21},"end":{"line":4,"column":29}},"3":{"start":{"line":5,"column":20},"end":{"line":5,"column":50}},"4":{"start":{"line":7,"column":0},"end":{"line":10,"column":2}},"5":{"start":{"line":12,"column":0},"end":{"line":12,"column":28}}},"fnMap":{},"branchMap":{},"s":{"0":2,"1":2,"2":2,"3":2,"4":2,"5":2},"f":{},"b":{}}
}
