TN:
SF:src/app.ts
FN:17,(anonymous_1)
FNF:1
FNH:1
FNDA:1,(anonymous_1)
DA:1,3
DA:2,3
DA:3,3
DA:4,3
DA:5,3
DA:6,3
DA:8,3
DA:9,3
DA:10,3
DA:11,3
DA:13,3
DA:15,3
DA:17,3
DA:18,1
DA:21,3
LF:15
LH:15
BRF:0
BRH:0
end_of_record
TN:
SF:src/config/constants/repository.constants.ts
FNF:0
FNH:0
DA:1,3
LF:1
LH:1
BRF:0
BRH:0
end_of_record
TN:
SF:src/config/db/mongo.ts
FN:8,(anonymous_8)
FN:8,(anonymous_9)
FNF:2
FNH:2
FNDA:3,(anonymous_8)
FNDA:3,(anonymous_9)
DA:1,3
DA:2,3
DA:4,3
DA:6,3
DA:8,3
DA:9,3
DA:10,2
DA:13,3
LF:8
LH:8
BRF:0
BRH:0
end_of_record
TN:
SF:src/dependencies/init.ts
FN:6,(anonymous_0)
FNF:1
FNH:1
FNDA:6,(anonymous_0)
DA:1,3
DA:2,3
DA:3,3
DA:5,3
DA:7,6
DA:12,6
DA:14,6
LF:7
LH:7
BRF:0
BRH:0
end_of_record
TN:
SF:src/dependencies/inversify.config.ts
FNF:0
FNH:0
DA:1,3
DA:3,3
DA:4,3
DA:5,3
DA:6,3
DA:8,3
DA:9,3
DA:10,3
DA:12,3
DA:14,3
DA:19,3
DA:20,3
DA:22,3
DA:25,3
DA:26,3
DA:29,3
LF:16
LH:16
BRF:0
BRH:0
end_of_record
TN:
SF:src/profile/application/crateProfile.userCases.ts
FN:10,(anonymous_11)
FN:15,(anonymous_12)
FNF:2
FNH:2
FNDA:6,(anonymous_11)
FNDA:1,(anonymous_12)
DA:1,3
DA:5,3
DA:6,3
DA:9,3
DA:12,6
DA:16,1
DA:17,1
DA:18,1
DA:19,1
DA:21,0
LF:10
LH:9
BRF:0
BRH:0
end_of_record
TN:
SF:src/profile/domain/profile.value.ts
FN:16,(anonymous_0)
FN:28,(anonymous_1)
FN:32,(anonymous_2)
FN:36,(anonymous_3)
FN:40,(anonymous_4)
FN:44,(anonymous_5)
FN:49,(anonymous_6)
FNF:7
FNH:7
FNDA:13,(anonymous_0)
FNDA:5,(anonymous_1)
FNDA:1,(anonymous_2)
FNDA:1,(anonymous_3)
FNDA:1,(anonymous_4)
FNDA:1,(anonymous_5)
FNDA:1,(anonymous_6)
DA:5,5
DA:17,13
DA:25,13
DA:29,5
DA:33,1
DA:34,1
DA:37,1
DA:38,1
DA:41,1
DA:42,1
DA:45,1
DA:46,1
DA:50,1
DA:51,1
LF:14
LH:14
BRF:0
BRH:0
end_of_record
TN:
SF:src/profile/infrastructure/controller/createProfile.controller.ts
FN:11,(anonymous_11)
FN:16,(anonymous_12)
FN:16,(anonymous_13)
FNF:3
FNH:3
FNDA:6,(anonymous_11)
FNDA:3,(anonymous_12)
FNDA:3,(anonymous_13)
DA:3,3
DA:4,3
DA:5,3
DA:6,3
DA:7,3
DA:10,3
DA:13,6
DA:16,6
DA:17,3
DA:22,3
DA:23,3
DA:24,2
DA:26,1
DA:27,1
LF:14
LH:14
BRDA:23,0,0,2
BRF:1
BRH:1
end_of_record
TN:
SF:src/profile/infrastructure/dto/createProfile.body.ts
FNF:0
FNH:0
DA:1,3
DA:9,3
DA:12,3
DA:16,3
DA:20,3
DA:24,3
DA:28,3
DA:32,3
DA:35,3
DA:37,3
LF:10
LH:10
BRF:0
BRH:0
end_of_record
TN:
SF:src/profile/infrastructure/repository/mongo/mongo.repository.ts
FN:9,(anonymous_9)
FN:18,(anonymous_11)
FN:28,(anonymous_13)
FNF:3
FNH:3
FNDA:3,(anonymous_9)
FNDA:3,(anonymous_11)
FNDA:3,(anonymous_13)
DA:1,4
DA:4,4
DA:5,4
DA:8,4
DA:10,3
DA:11,3
DA:12,2
DA:14,1
DA:19,3
DA:20,3
DA:21,2
DA:22,1
DA:24,1
DA:29,3
LF:14
LH:14
BRDA:21,0,0,1
BRF:1
BRH:1
end_of_record
TN:
SF:src/profile/infrastructure/repository/mongo/model/profile.schema.ts
FNF:0
FNH:0
DA:1,3
DA:3,3
DA:33,3
DA:35,3
LF:4
LH:4
BRF:0
BRH:0
end_of_record
TN:
SF:src/profile/infrastructure/route/profile.route.ts
FNF:0
FNH:0
DA:1,3
DA:2,3
DA:4,3
DA:5,3
DA:7,3
DA:12,3
LF:6
LH:6
BRF:0
BRH:0
end_of_record
TN:
SF:src/user/application/crateUser.userCases.ts
FN:10,(anonymous_11)
FN:15,(anonymous_12)
FNF:2
FNH:2
FNDA:6,(anonymous_11)
FNDA:1,(anonymous_12)
DA:1,3
DA:5,3
DA:6,3
DA:9,3
DA:12,6
DA:16,1
DA:17,1
DA:18,1
DA:19,1
DA:21,0
LF:10
LH:9
BRF:0
BRH:0
end_of_record
TN:
SF:src/user/domain/user.value.ts
FN:11,(anonymous_0)
FN:19,(anonymous_1)
FN:23,(anonymous_2)
FNF:3
FNH:3
FNDA:9,(anonymous_0)
FNDA:1,(anonymous_1)
FNDA:1,(anonymous_2)
DA:4,5
DA:12,9
DA:16,9
DA:20,1
DA:24,1
DA:25,1
LF:6
LH:6
BRF:0
BRH:0
end_of_record
TN:
SF:src/user/infrastructure/controller/createUser.controller.ts
FN:10,(anonymous_11)
FN:15,(anonymous_12)
FN:15,(anonymous_13)
FNF:3
FNH:3
FNDA:6,(anonymous_11)
FNDA:3,(anonymous_12)
FNDA:3,(anonymous_13)
DA:2,3
DA:3,3
DA:4,3
DA:5,3
DA:6,3
DA:9,3
DA:12,6
DA:15,6
DA:16,3
DA:18,3
DA:19,3
DA:20,2
DA:22,1
DA:23,1
LF:14
LH:14
BRDA:19,0,0,2
BRF:1
BRH:1
end_of_record
TN:
SF:src/user/infrastructure/dto/createUser.body.ts
FNF:0
FNH:0
DA:1,3
DA:3,3
DA:6,3
DA:10,3
DA:14,3
DA:18,3
DA:22,3
LF:7
LH:7
BRF:0
BRH:0
end_of_record
TN:
SF:src/user/infrastructure/repository/mongo/mongo.repository.ts
FN:9,(anonymous_9)
FN:18,(anonymous_11)
FN:28,(anonymous_13)
FNF:3
FNH:3
FNDA:3,(anonymous_9)
FNDA:3,(anonymous_11)
FNDA:3,(anonymous_13)
DA:1,4
DA:3,4
DA:5,4
DA:8,4
DA:10,3
DA:11,3
DA:12,2
DA:14,1
DA:19,3
DA:20,3
DA:21,2
DA:22,1
DA:24,1
DA:29,3
LF:14
LH:14
BRDA:21,0,0,1
BRF:1
BRH:1
end_of_record
TN:
SF:src/user/infrastructure/repository/mongo/model/user.schema.ts
FNF:0
FNH:0
DA:1,3
DA:3,3
DA:24,3
DA:26,3
LF:4
LH:4
BRF:0
BRH:0
end_of_record
TN:
SF:src/user/infrastructure/route/user.route.ts
FNF:0
FNH:0
DA:1,3
DA:2,3
DA:4,3
DA:5,3
DA:7,3
DA:9,3
LF:6
LH:6
BRF:0
BRH:0
end_of_record
