TN:
SF:src/app.ts
FN:16,(anonymous_1)
FNF:1
FNH:1
FNDA:1,(anonymous_1)
DA:1,2
DA:2,2
DA:3,2
DA:4,2
DA:5,2
DA:7,2
DA:8,2
DA:9,2
DA:10,2
DA:12,2
DA:14,2
DA:16,2
DA:17,1
DA:20,2
LF:14
LH:14
BRF:0
BRH:0
end_of_record
TN:
SF:src/config/constants/repository.constants.ts
FNF:0
FNH:0
DA:1,2
LF:1
LH:1
BRF:0
BRH:0
end_of_record
TN:
SF:src/config/db/mongo.ts
FN:8,(anonymous_8)
FN:8,(anonymous_9)
FNF:2
FNH:2
FNDA:2,(anonymous_8)
FNDA:2,(anonymous_9)
DA:1,2
DA:2,2
DA:4,2
DA:6,2
DA:8,2
DA:9,2
DA:10,1
DA:13,2
LF:8
LH:8
BRF:0
BRH:0
end_of_record
TN:
SF:src/dependencies/init.ts
FN:5,(anonymous_0)
FNF:1
FNH:1
FNDA:2,(anonymous_0)
DA:1,2
DA:2,2
DA:4,2
DA:6,2
DA:10,2
LF:5
LH:5
BRF:0
BRH:0
end_of_record
TN:
SF:src/dependencies/inversify.config.ts
FNF:0
FNH:0
DA:1,2
DA:3,2
DA:4,2
DA:5,2
DA:6,2
DA:8,2
DA:10,2
DA:13,2
DA:14,2
DA:18,2
LF:10
LH:10
BRF:0
BRH:0
end_of_record
TN:
SF:src/profile/application/crateProfile.userCases.ts
FN:10,(anonymous_11)
FN:15,(anonymous_12)
FNF:2
FNH:2
FNDA:2,(anonymous_11)
FNDA:1,(anonymous_12)
DA:1,2
DA:5,2
DA:6,2
DA:9,2
DA:12,2
DA:16,1
DA:17,1
DA:18,1
DA:19,1
DA:21,0
LF:10
LH:9
BRF:0
BRH:0
end_of_record
TN:
SF:src/profile/domain/profile.value.ts
FN:15,(anonymous_0)
FN:26,(anonymous_1)
FN:30,(anonymous_2)
FN:34,(anonymous_3)
FN:38,(anonymous_4)
FN:42,(anonymous_5)
FN:47,(anonymous_6)
FNF:7
FNH:7
FNDA:13,(anonymous_0)
FNDA:5,(anonymous_1)
FNDA:1,(anonymous_2)
FNDA:1,(anonymous_3)
FNDA:1,(anonymous_4)
FNDA:1,(anonymous_5)
FNDA:1,(anonymous_6)
DA:5,4
DA:16,13
DA:27,5
DA:31,1
DA:32,1
DA:35,1
DA:36,1
DA:39,1
DA:40,1
DA:43,1
DA:44,1
DA:48,1
DA:49,1
LF:13
LH:13
BRF:0
BRH:0
end_of_record
TN:
SF:src/profile/infrastructure/controller/createProfile.controller.ts
FN:11,(anonymous_11)
FN:16,(anonymous_12)
FN:16,(anonymous_13)
FNF:3
FNH:3
FNDA:2,(anonymous_11)
FNDA:3,(anonymous_12)
FNDA:3,(anonymous_13)
DA:3,2
DA:4,2
DA:5,2
DA:6,2
DA:7,2
DA:10,2
DA:13,2
DA:16,3
DA:17,3
DA:22,3
DA:23,3
DA:24,2
DA:26,1
DA:27,1
LF:14
LH:14
BRDA:23,0,0,2
BRF:1
BRH:1
end_of_record
TN:
SF:src/profile/infrastructure/dto/createProfile.body.ts
FNF:0
FNH:0
DA:1,2
DA:9,2
DA:12,2
DA:16,2
DA:20,2
DA:24,2
DA:28,2
DA:32,2
DA:35,2
LF:9
LH:9
BRF:0
BRH:0
end_of_record
TN:
SF:src/profile/infrastructure/repository/mongo/mongo.repository.ts
FN:9,(anonymous_9)
FN:18,(anonymous_11)
FN:28,(anonymous_13)
FNF:3
FNH:3
FNDA:3,(anonymous_9)
FNDA:3,(anonymous_11)
FNDA:3,(anonymous_13)
DA:1,3
DA:4,3
DA:5,3
DA:8,3
DA:10,3
DA:11,3
DA:12,2
DA:14,1
DA:19,3
DA:20,3
DA:21,2
DA:22,1
DA:24,1
DA:29,3
LF:14
LH:14
BRDA:21,0,0,1
BRF:1
BRH:1
end_of_record
TN:
SF:src/profile/infrastructure/repository/mongo/model/profile.schema.ts
FNF:0
FNH:0
DA:1,2
DA:3,2
DA:31,2
DA:33,2
LF:4
LH:4
BRF:0
BRH:0
end_of_record
TN:
SF:src/profile/infrastructure/route/profile.route.ts
FNF:0
FNH:0
DA:1,2
DA:2,2
DA:4,2
DA:5,2
DA:7,2
DA:12,2
LF:6
LH:6
BRF:0
BRH:0
end_of_record
